<?xml version="1.0" encoding="UTF-8"?>
<!-- Generated by org.testng.reporters.JUnitReportReporter -->
<testsuite skipped="0" hostname="Taslim" name="landingpage.PageTitle" tests="1" failures="0" timestamp="2021-04-03T11:48:23 EDT" time="9.372" errors="0">
  <testcase name="checkTitle" time="9.372" classname="landingpage.PageTitle"/>
  <system-out/>
</testsuite> <!-- landingpage.PageTitle -->
