<?xml version="1.0" encoding="UTF-8"?>
<!-- Generated by org.testng.reporters.JUnitReportReporter -->
<testsuite skipped="0" hostname="Taslim" name="landingpage.Search" tests="1" failures="0" timestamp="2021-04-03T11:48:22 EDT" time="13.135" errors="0">
  <testcase name="search" time="13.135" classname="landingpage.Search"/>
  <system-out/>
</testsuite> <!-- landingpage.Search -->
