<?xml version="1.0" encoding="UTF-8"?>
<!-- Generated by org.testng.reporters.JUnitReportReporter -->
<testsuite skipped="0" hostname="Taslim" name="mainPage.ItemSearch" tests="1" failures="0" timestamp="2021-04-03T11:49:16 EDT" time="11.187" errors="0">
  <testcase name="test1" time="11.187" classname="mainPage.ItemSearch"/>
  <system-out/>
</testsuite> <!-- mainPage.ItemSearch -->
