<?xml version="1.0" encoding="UTF-8"?>
<!-- Generated by org.testng.reporters.JUnitReportReporter -->
<testsuite skipped="0" hostname="Taslim" name="mainPage.SearchPage" tests="1" failures="0" timestamp="2021-04-03T11:49:16 EDT" time="7.138" errors="0">
  <testcase name="test2" time="7.138" classname="mainPage.SearchPage"/>
  <system-out/>
</testsuite> <!-- mainPage.SearchPage -->
