<?xml version="1.0" encoding="UTF-8"?>
<!-- Generated by org.testng.reporters.JUnitReportReporter -->
<testsuite skipped="0" hostname="Taslim" name="homepage.ItemSearch" tests="1" failures="0" timestamp="2021-04-03T11:50:09 EDT" time="12.583" errors="0">
  <testcase name="test1" time="12.583" classname="homepage.ItemSearch"/>
  <system-out/>
</testsuite> <!-- homepage.ItemSearch -->
