<?xml version="1.0" encoding="UTF-8"?>
<!-- Generated by org.testng.reporters.JUnitReportReporter -->
<testsuite skipped="0" hostname="Taslim" name="homepage.NewsPage" tests="1" failures="0" timestamp="2021-04-03T11:48:54 EDT" time="28.461" errors="0">
  <testcase name="home" time="28.461" classname="homepage.NewsPage"/>
  <system-out/>
</testsuite> <!-- homepage.NewsPage -->
